#
# There is insufficient memory for the Java Runtime Environment to continue.
# Native memory allocation (malloc) failed to allocate 605720 bytes. Error detail: Chunk::new
# Possible reasons:
#   The system is out of physical RAM or swap space
#   This process is running with CompressedOops enabled, and the Java Heap may be blocking the growth of the native heap
# Possible solutions:
#   Reduce memory load on the system
#   Increase physical memory or swap space
#   Check if swap backing store is full
#   Decrease Java heap size (-Xmx/-Xms)
#   Decrease number of Java threads
#   Decrease Java thread stack sizes (-Xss)
#   Set larger code cache with -XX:ReservedCodeCacheSize=
#   JVM is running with Unscaled Compressed Oops mode in which the Java heap is
#     placed in the first 4GB address space. The Java Heap base address is the
#     maximum limit for the native heap growth. Please use -XX:HeapBaseMinAddress
#     to set the Java Heap base and to place the Java Heap above 4GB virtual address.
# This output file may be truncated or incomplete.
#
#  Out of Memory Error (arena.cpp:186), pid=4896, tid=23648
#
# JRE version: OpenJDK Runtime Environment (25.0.1+8) (build 25.0.1+8-27)
# Java VM: OpenJDK 64-Bit Server VM (25.0.1+8-27, mixed mode, sharing, tiered, compressed oops, compressed class ptrs, g1 gc, windows-amd64)
# No core dump will be written. Minidumps are not enabled by default on client versions of Windows
#

---------------  S U M M A R Y ------------

Command Line: -javaagent:C:\Program Files\JetBrains\IntelliJ IDEA 2025.3.3\lib\idea_rt.jar=51484 -Dfile.encoding=UTF-8 -Dsun.stdout.encoding=UTF-8 -Dsun.stderr.encoding=UTF-8 ZooManagementSystem

Host: AMD Ryzen 5 5625U with Radeon Graphics         , 12 cores, 5G,  Windows 11 , 64 bit Build 26100 (10.0.26100.8246)
Time: Sat May  2 08:43:49 2026 South Africa Standard Time elapsed time: 901.729771 seconds (0d 0h 15m 1s)

---------------  T H R E A D  ---------------

Current thread (0x000001a69317a4b0):  JavaThread "C2 CompilerThread0" daemon [_thread_in_native, id=23648, stack(0x0000006b39c00000,0x0000006b39d00000) (1024K)]


Current CompileTask:
C2:901730 2077       4       sun.rmi.server.MarshalOutputStream::annotateClass (9 bytes)

Stack: [0x0000006b39c00000,0x0000006b39d00000]
Native frames: (J=compiled Java code, j=interpreted, Vv=VM code, C=native code)
V  [jvm.dll+0x7a6b59]  (no source info available)
V  [jvm.dll+0x77290d]  (no source info available)
V  [jvm.dll+0x966153]  (no source info available)
V  [jvm.dll+0x968751]  (no source info available)
V  [jvm.dll+0x968e53]  (no source info available)
V  [jvm.dll+0x2fc756]  (no source info available)
V  [jvm.dll+0x111b26]  (no source info available)
V  [jvm.dll+0x111e4e]  (no source info available)
V  [jvm.dll+0x1a0a22]  (no source info available)
V  [jvm.dll+0x3b53c2]  (no source info available)
V  [jvm.dll+0x7ac4ef]  (no source info available)
V  [jvm.dll+0x2c0ac7]  (no source info available)
V  [jvm.dll+0x2bfa8f]  (no source info available)
V  [jvm.dll+0x237b60]  (no source info available)
V  [jvm.dll+0x2cfb56]  (no source info available)
V  [jvm.dll+0x2cddd5]  (no source info available)
V  [jvm.dll+0x48e6d1]  (no source info available)
V  [jvm.dll+0x906a0d]  (no source info available)
V  [jvm.dll+0x7a5135]  (no source info available)
C  [ucrtbase.dll+0x37b0]  (no source info available)
C  [KERNEL32.DLL+0x2e8d7]  (no source info available)
C  [ntdll.dll+0x8c3fc]  (no source info available)

Lock stack of current Java thread (top to bottom):


---------------  P R O C E S S  ---------------

Threads class SMR info:
_java_thread_list=0x000001a6936b0b70, length=17, elements={
0x000001a6f684ac40, 0x000001a693142720, 0x000001a693145f00, 0x000001a693146ac0,
0x000001a693147680, 0x000001a693148240, 0x000001a693154600, 0x000001a69317a4b0,
0x000001a69318c7e0, 0x000001a693333850, 0x000001a69335cb70, 0x000001a69335d330,
0x000001a693a7b0a0, 0x000001a693aa4b60, 0x000001a693aaa2f0, 0x000001a693b29340,
0x000001a693346930
}

Java Threads: ( => current thread )
  0x000001a6f684ac40 JavaThread "main"                              [_thread_in_native, id=19668, stack(0x0000006b38e00000,0x0000006b38f00000) (1024K)]
  0x000001a693142720 JavaThread "Reference Handler"          daemon [_thread_blocked, id=15312, stack(0x0000006b39600000,0x0000006b39700000) (1024K)]
  0x000001a693145f00 JavaThread "Finalizer"                  daemon [_thread_blocked, id=27980, stack(0x0000006b39700000,0x0000006b39800000) (1024K)]
  0x000001a693146ac0 JavaThread "Signal Dispatcher"          daemon [_thread_blocked, id=32160, stack(0x0000006b39800000,0x0000006b39900000) (1024K)]
  0x000001a693147680 JavaThread "Attach Listener"            daemon [_thread_blocked, id=19520, stack(0x0000006b39900000,0x0000006b39a00000) (1024K)]
  0x000001a693148240 JavaThread "Service Thread"             daemon [_thread_blocked, id=28300, stack(0x0000006b39a00000,0x0000006b39b00000) (1024K)]
  0x000001a693154600 JavaThread "Monitor Deflation Thread"   daemon [_thread_blocked, id=15696, stack(0x0000006b39b00000,0x0000006b39c00000) (1024K)]
=>0x000001a69317a4b0 JavaThread "C2 CompilerThread0"         daemon [_thread_in_native, id=23648, stack(0x0000006b39c00000,0x0000006b39d00000) (1024K)]
  0x000001a69318c7e0 JavaThread "C1 CompilerThread0"         daemon [_thread_blocked, id=23924, stack(0x0000006b39d00000,0x0000006b39e00000) (1024K)]
  0x000001a693333850 JavaThread "Common-Cleaner"             daemon [_thread_blocked, id=23816, stack(0x0000006b39e00000,0x0000006b39f00000) (1024K)]
  0x000001a69335cb70 JavaThread "Monitor Ctrl-Break"         daemon [_thread_in_native, id=33332, stack(0x0000006b39f00000,0x0000006b3a000000) (1024K)]
  0x000001a69335d330 JavaThread "Notification Thread"        daemon [_thread_blocked, id=17532, stack(0x0000006b3a000000,0x0000006b3a100000) (1024K)]
  0x000001a693a7b0a0 JavaThread "RMI TCP Accept-0"           daemon [_thread_in_native, id=22876, stack(0x0000006b3a100000,0x0000006b3a200000) (1024K)]
  0x000001a693aa4b60 JavaThread "RMI TCP Connection(3)-192.168.1.102" daemon [_thread_in_native, id=7848, stack(0x0000006b3a200000,0x0000006b3a300000) (1024K)]
  0x000001a693aaa2f0 JavaThread "RMI Scheduler(0)"           daemon [_thread_blocked, id=31652, stack(0x0000006b3a300000,0x0000006b3a400000) (1024K)]
  0x000001a693b29340 JavaThread "JMX server connection timeout 31" daemon [_thread_blocked, id=31476, stack(0x0000006b3a400000,0x0000006b3a500000) (1024K)]
  0x000001a693346930 JavaThread "RMI TCP Connection(4)-192.168.1.102" daemon [_thread_in_native, id=33552, stack(0x0000006b38c00000,0x0000006b38d00000) (1024K)]
Total: 17

Other Threads:
  0x000001a693124230 VMThread "VM Thread"                           [id=10308, stack(0x0000006b39500000,0x0000006b39600000) (1024K)]
  0x000001a693114a00 WatcherThread "VM Periodic Task Thread"        [id=19872, stack(0x0000006b39400000,0x0000006b39500000) (1024K)]
  0x000001a6f6895060 WorkerThread "GC Thread#0"                     [id=29252, stack(0x0000006b38f00000,0x0000006b39000000) (1024K)]
  0x000001a6f68a7a10 ConcurrentGCThread "G1 Main Marker"            [id=25720, stack(0x0000006b39000000,0x0000006b39100000) (1024K)]
  0x000001a6f68a94a0 WorkerThread "G1 Conc#0"                       [id=28588, stack(0x0000006b39100000,0x0000006b39200000) (1024K)]
  0x000001a6f6907f30 ConcurrentGCThread "G1 Refine#0"               [id=17772, stack(0x0000006b39200000,0x0000006b39300000) (1024K)]
  0x000001a6f6908940 ConcurrentGCThread "G1 Service"                [id=34644, stack(0x0000006b39300000,0x0000006b39400000) (1024K)]
Total: 7

Threads with active compile tasks:
C2 CompilerThread0  901896 2077       4       sun.rmi.server.MarshalOutputStream::annotateClass (9 bytes)
Total: 1

VM state: not at safepoint (normal execution)

VM Mutex/Monitor currently owned by a thread: None

Heap address: 0x00000000a2600000, size: 1498 MB, Compressed Oops mode: 32-bit

CDS archive(s) mapped at: [0x000000003c000000-0x000000003cdd0000-0x000000003cdd0000), size 14483456, SharedBaseAddress: 0x000000003c000000, ArchiveRelocationMode: 1.
Compressed class space mapped at: 0x000000003d000000-0x000000007d000000, reserved size: 1073741824
UseCompressedClassPointers 1, UseCompactObjectHeaders 0
Narrow klass pointer bits 32, Max shift 3
Narrow klass base: 0x000000003c000000, Narrow klass shift: 0
Encoding Range: [0x000000003c000000 - 0x000000013c000000), (4294967296 bytes)
Klass Range:    [0x000000003c010000 - 0x000000007d000000), (1090453504 bytes)
Klass ID Range:  [65536 - 1090519033) (1090453497)
Protection zone: [0x000000003c000000 - 0x000000003c010000), (65536 bytes)

GC Precious Log:
 CardTable entry size: 512
 Card Set container configuration: InlinePtr #cards 5 size 8 Array Of Cards #cards 10 size 36 Howl #buckets 4 coarsen threshold 1843 Howl Bitmap #cards 512 size 80 coarsen threshold 460 Card regions per heap region 1 cards per card region 2048
 CPUs: 12 total, 12 available
 Memory: 5989M
 Large Page Support: Disabled
 NUMA Support: Disabled
 Compressed Oops: Enabled (32-bit)
 Heap Region Size: 1M
 Heap Min Capacity: 8M
 Heap Initial Capacity: 94M
 Heap Max Capacity: 1498M
 Pre-touch: Disabled
 Parallel Workers: 10
 Concurrent Workers: 3
 Concurrent Refinement Workers: 10
 Periodic GC: Disabled

Heap:
 garbage-first heap   total reserved 1533952K, committed 98304K, used 37011K [0x00000000a2600000, 0x0000000100000000)
  region size 1024K, 36 young (36864K), 0 survivors (0K)

Heap Regions: E=young(eden), S=young(survivor), O=old, HS=humongous(starts), HC=humongous(continues), CS=collection set, F=free, TAMS=top-at-mark-start, PB=parsable bottom
|   0|0x00000000a2600000, 0x00000000a2600000, 0x00000000a2700000|  0%| F|  |TAMS 0x00000000a2600000| PB 0x00000000a2600000| Untracked |  0
|   1|0x00000000a2700000, 0x00000000a2700000, 0x00000000a2800000|  0%| F|  |TAMS 0x00000000a2700000| PB 0x00000000a2700000| Untracked |  0
|   2|0x00000000a2800000, 0x00000000a2800000, 0x00000000a2900000|  0%| F|  |TAMS 0x00000000a2800000| PB 0x00000000a2800000| Untracked |  0
|   3|0x00000000a2900000, 0x00000000a2900000, 0x00000000a2a00000|  0%| F|  |TAMS 0x00000000a2900000| PB 0x00000000a2900000| Untracked |  0
|   4|0x00000000a2a00000, 0x00000000a2a00000, 0x00000000a2b00000|  0%| F|  |TAMS 0x00000000a2a00000| PB 0x00000000a2a00000| Untracked |  0
|   5|0x00000000a2b00000, 0x00000000a2b00000, 0x00000000a2c00000|  0%| F|  |TAMS 0x00000000a2b00000| PB 0x00000000a2b00000| Untracked |  0
|   6|0x00000000a2c00000, 0x00000000a2c00000, 0x00000000a2d00000|  0%| F|  |TAMS 0x00000000a2c00000| PB 0x00000000a2c00000| Untracked |  0
|   7|0x00000000a2d00000, 0x00000000a2d00000, 0x00000000a2e00000|  0%| F|  |TAMS 0x00000000a2d00000| PB 0x00000000a2d00000| Untracked |  0
|   8|0x00000000a2e00000, 0x00000000a2e00000, 0x00000000a2f00000|  0%| F|  |TAMS 0x00000000a2e00000| PB 0x00000000a2e00000| Untracked |  0
|   9|0x00000000a2f00000, 0x00000000a2f00000, 0x00000000a3000000|  0%| F|  |TAMS 0x00000000a2f00000| PB 0x00000000a2f00000| Untracked |  0
|  10|0x00000000a3000000, 0x00000000a3000000, 0x00000000a3100000|  0%| F|  |TAMS 0x00000000a3000000| PB 0x00000000a3000000| Untracked |  0
|  11|0x00000000a3100000, 0x00000000a3100000, 0x00000000a3200000|  0%| F|  |TAMS 0x00000000a3100000| PB 0x00000000a3100000| Untracked |  0
|  12|0x00000000a3200000, 0x00000000a3200000, 0x00000000a3300000|  0%| F|  |TAMS 0x00000000a3200000| PB 0x00000000a3200000| Untracked |  0
|  13|0x00000000a3300000, 0x00000000a3300000, 0x00000000a3400000|  0%| F|  |TAMS 0x00000000a3300000| PB 0x00000000a3300000| Untracked |  0
|  14|0x00000000a3400000, 0x00000000a3400000, 0x00000000a3500000|  0%| F|  |TAMS 0x00000000a3400000| PB 0x00000000a3400000| Untracked |  0
|  15|0x00000000a3500000, 0x00000000a3500000, 0x00000000a3600000|  0%| F|  |TAMS 0x00000000a3500000| PB 0x00000000a3500000| Untracked |  0
|  16|0x00000000a3600000, 0x00000000a3600000, 0x00000000a3700000|  0%| F|  |TAMS 0x00000000a3600000| PB 0x00000000a3600000| Untracked |  0
|  17|0x00000000a3700000, 0x00000000a3700000, 0x00000000a3800000|  0%| F|  |TAMS 0x00000000a3700000| PB 0x00000000a3700000| Untracked |  0
|  18|0x00000000a3800000, 0x00000000a3800000, 0x00000000a3900000|  0%| F|  |TAMS 0x00000000a3800000| PB 0x00000000a3800000| Untracked |  0
|  19|0x00000000a3900000, 0x00000000a3900000, 0x00000000a3a00000|  0%| F|  |TAMS 0x00000000a3900000| PB 0x00000000a3900000| Untracked |  0
|  20|0x00000000a3a00000, 0x00000000a3a00000, 0x00000000a3b00000|  0%| F|  |TAMS 0x00000000a3a00000| PB 0x00000000a3a00000| Untracked |  0
|  21|0x00000000a3b00000, 0x00000000a3b00000, 0x00000000a3c00000|  0%| F|  |TAMS 0x00000000a3b00000| PB 0x00000000a3b00000| Untracked |  0
|  22|0x00000000a3c00000, 0x00000000a3c00000, 0x00000000a3d00000|  0%| F|  |TAMS 0x00000000a3c00000| PB 0x00000000a3c00000| Untracked |  0
|  23|0x00000000a3d00000, 0x00000000a3d00000, 0x00000000a3e00000|  0%| F|  |TAMS 0x00000000a3d00000| PB 0x00000000a3d00000| Untracked |  0
|  24|0x00000000a3e00000, 0x00000000a3e00000, 0x00000000a3f00000|  0%| F|  |TAMS 0x00000000a3e00000| PB 0x00000000a3e00000| Untracked |  0
|  25|0x00000000a3f00000, 0x00000000a3f00000, 0x00000000a4000000|  0%| F|  |TAMS 0x00000000a3f00000| PB 0x00000000a3f00000| Untracked |  0
|  26|0x00000000a4000000, 0x00000000a4000000, 0x00000000a4100000|  0%| F|  |TAMS 0x00000000a4000000| PB 0x00000000a4000000| Untracked |  0
|  27|0x00000000a4100000, 0x00000000a4100000, 0x00000000a4200000|  0%| F|  |TAMS 0x00000000a4100000| PB 0x00000000a4100000| Untracked |  0
|  28|0x00000000a4200000, 0x00000000a4200000, 0x00000000a4300000|  0%| F|  |TAMS 0x00000000a4200000| PB 0x00000000a4200000| Untracked |  0
|  29|0x00000000a4300000, 0x00000000a4300000, 0x00000000a4400000|  0%| F|  |TAMS 0x00000000a4300000| PB 0x00000000a4300000| Untracked |  0
|  30|0x00000000a4400000, 0x00000000a4400000, 0x00000000a4500000|  0%| F|  |TAMS 0x00000000a4400000| PB 0x00000000a4400000| Untracked |  0
|  31|0x00000000a4500000, 0x00000000a4500000, 0x00000000a4600000|  0%| F|  |TAMS 0x00000000a4500000| PB 0x00000000a4500000| Untracked |  0
|  32|0x00000000a4600000, 0x00000000a4600000, 0x00000000a4700000|  0%| F|  |TAMS 0x00000000a4600000| PB 0x00000000a4600000| Untracked |  0
|  33|0x00000000a4700000, 0x00000000a4700000, 0x00000000a4800000|  0%| F|  |TAMS 0x00000000a4700000| PB 0x00000000a4700000| Untracked |  0
|  34|0x00000000a4800000, 0x00000000a4800000, 0x00000000a4900000|  0%| F|  |TAMS 0x00000000a4800000| PB 0x00000000a4800000| Untracked |  0
|  35|0x00000000a4900000, 0x00000000a4900000, 0x00000000a4a00000|  0%| F|  |TAMS 0x00000000a4900000| PB 0x00000000a4900000| Untracked |  0
|  36|0x00000000a4a00000, 0x00000000a4a00000, 0x00000000a4b00000|  0%| F|  |TAMS 0x00000000a4a00000| PB 0x00000000a4a00000| Untracked |  0
|  37|0x00000000a4b00000, 0x00000000a4b00000, 0x00000000a4c00000|  0%| F|  |TAMS 0x00000000a4b00000| PB 0x00000000a4b00000| Untracked |  0
|  38|0x00000000a4c00000, 0x00000000a4c00000, 0x00000000a4d00000|  0%| F|  |TAMS 0x00000000a4c00000| PB 0x00000000a4c00000| Untracked |  0
|  39|0x00000000a4d00000, 0x00000000a4d00000, 0x00000000a4e00000|  0%| F|  |TAMS 0x00000000a4d00000| PB 0x00000000a4d00000| Untracked |  0
|  40|0x00000000a4e00000, 0x00000000a4e00000, 0x00000000a4f00000|  0%| F|  |TAMS 0x00000000a4e00000| PB 0x00000000a4e00000| Untracked |  0
|  41|0x00000000a4f00000, 0x00000000a4f00000, 0x00000000a5000000|  0%| F|  |TAMS 0x00000000a4f00000| PB 0x00000000a4f00000| Untracked |  0
|  42|0x00000000a5000000, 0x00000000a5000000, 0x00000000a5100000|  0%| F|  |TAMS 0x00000000a5000000| PB 0x00000000a5000000| Untracked |  0
|  43|0x00000000a5100000, 0x00000000a5100000, 0x00000000a5200000|  0%| F|  |TAMS 0x00000000a5100000| PB 0x00000000a5100000| Untracked |  0
|  44|0x00000000a5200000, 0x00000000a5200000, 0x00000000a5300000|  0%| F|  |TAMS 0x00000000a5200000| PB 0x00000000a5200000| Untracked |  0
|  45|0x00000000a5300000, 0x00000000a5300000, 0x00000000a5400000|  0%| F|  |TAMS 0x00000000a5300000| PB 0x00000000a5300000| Untracked |  0
|  46|0x00000000a5400000, 0x00000000a5400000, 0x00000000a5500000|  0%| F|  |TAMS 0x00000000a5400000| PB 0x00000000a5400000| Untracked |  0
|  47|0x00000000a5500000, 0x00000000a5500000, 0x00000000a5600000|  0%| F|  |TAMS 0x00000000a5500000| PB 0x00000000a5500000| Untracked |  0
|  48|0x00000000a5600000, 0x00000000a5600000, 0x00000000a5700000|  0%| F|  |TAMS 0x00000000a5600000| PB 0x00000000a5600000| Untracked |  0
|  49|0x00000000a5700000, 0x00000000a5700000, 0x00000000a5800000|  0%| F|  |TAMS 0x00000000a5700000| PB 0x00000000a5700000| Untracked |  0
|  50|0x00000000a5800000, 0x00000000a5800000, 0x00000000a5900000|  0%| F|  |TAMS 0x00000000a5800000| PB 0x00000000a5800000| Untracked |  0
|  51|0x00000000a5900000, 0x00000000a5900000, 0x00000000a5a00000|  0%| F|  |TAMS 0x00000000a5900000| PB 0x00000000a5900000| Untracked |  0
|  52|0x00000000a5a00000, 0x00000000a5a00000, 0x00000000a5b00000|  0%| F|  |TAMS 0x00000000a5a00000| PB 0x00000000a5a00000| Untracked |  0
|  53|0x00000000a5b00000, 0x00000000a5b00000, 0x00000000a5c00000|  0%| F|  |TAMS 0x00000000a5b00000| PB 0x00000000a5b00000| Untracked |  0
|  54|0x00000000a5c00000, 0x00000000a5c00000, 0x00000000a5d00000|  0%| F|  |TAMS 0x00000000a5c00000| PB 0x00000000a5c00000| Untracked |  0
|  55|0x00000000a5d00000, 0x00000000a5d00000, 0x00000000a5e00000|  0%| F|  |TAMS 0x00000000a5d00000| PB 0x00000000a5d00000| Untracked |  0
|  56|0x00000000a5e00000, 0x00000000a5e00000, 0x00000000a5f00000|  0%| F|  |TAMS 0x00000000a5e00000| PB 0x00000000a5e00000| Untracked |  0
|  57|0x00000000a5f00000, 0x00000000a5f00000, 0x00000000a6000000|  0%| F|  |TAMS 0x00000000a5f00000| PB 0x00000000a5f00000| Untracked |  0
|  58|0x00000000a6000000, 0x00000000a6080000, 0x00000000a6100000| 50%| E|  |TAMS 0x00000000a6000000| PB 0x00000000a6000000| Complete |  0
|  59|0x00000000a6100000, 0x00000000a6200000, 0x00000000a6200000|100%| E|CS|TAMS 0x00000000a6100000| PB 0x00000000a6100000| Complete |  0
|  60|0x00000000a6200000, 0x00000000a6300000, 0x00000000a6300000|100%| E|CS|TAMS 0x00000000a6200000| PB 0x00000000a6200000| Complete |  0
|  61|0x00000000a6300000, 0x00000000a6400000, 0x00000000a6400000|100%| E|CS|TAMS 0x00000000a6300000| PB 0x00000000a6300000| Complete |  0
|  62|0x00000000a6400000, 0x00000000a6500000, 0x00000000a6500000|100%| E|CS|TAMS 0x00000000a6400000| PB 0x00000000a6400000| Complete |  0
|  63|0x00000000a6500000, 0x00000000a6600000, 0x00000000a6600000|100%| E|CS|TAMS 0x00000000a6500000| PB 0x00000000a6500000| Complete |  0
|  64|0x00000000a6600000, 0x00000000a6700000, 0x00000000a6700000|100%| E|CS|TAMS 0x00000000a6600000| PB 0x00000000a6600000| Complete |  0
|  65|0x00000000a6700000, 0x00000000a6800000, 0x00000000a6800000|100%| E|CS|TAMS 0x00000000a6700000| PB 0x00000000a6700000| Complete |  0
|  66|0x00000000a6800000, 0x00000000a6900000, 0x00000000a6900000|100%| E|CS|TAMS 0x00000000a6800000| PB 0x00000000a6800000| Complete |  0
|  67|0x00000000a6900000, 0x00000000a6a00000, 0x00000000a6a00000|100%| E|CS|TAMS 0x00000000a6900000| PB 0x00000000a6900000| Complete |  0
|  68|0x00000000a6a00000, 0x00000000a6b00000, 0x00000000a6b00000|100%| E|CS|TAMS 0x00000000a6a00000| PB 0x00000000a6a00000| Complete |  0
|  69|0x00000000a6b00000, 0x00000000a6c00000, 0x00000000a6c00000|100%| E|CS|TAMS 0x00000000a6b00000| PB 0x00000000a6b00000| Complete |  0
|  70|0x00000000a6c00000, 0x00000000a6d00000, 0x00000000a6d00000|100%| E|CS|TAMS 0x00000000a6c00000| PB 0x00000000a6c00000| Complete |  0
|  71|0x00000000a6d00000, 0x00000000a6e00000, 0x00000000a6e00000|100%| E|CS|TAMS 0x00000000a6d00000| PB 0x00000000a6d00000| Complete |  0
|  72|0x00000000a6e00000, 0x00000000a6f00000, 0x00000000a6f00000|100%| E|CS|TAMS 0x00000000a6e00000| PB 0x00000000a6e00000| Complete |  0
|  73|0x00000000a6f00000, 0x00000000a7000000, 0x00000000a7000000|100%| E|CS|TAMS 0x00000000a6f00000| PB 0x00000000a6f00000| Complete |  0
|  74|0x00000000a7000000, 0x00000000a7100000, 0x00000000a7100000|100%| E|CS|TAMS 0x00000000a7000000| PB 0x00000000a7000000| Complete |  0
|  75|0x00000000a7100000, 0x00000000a7200000, 0x00000000a7200000|100%| E|CS|TAMS 0x00000000a7100000| PB 0x00000000a7100000| Complete |  0
|  76|0x00000000a7200000, 0x00000000a7300000, 0x00000000a7300000|100%| E|CS|TAMS 0x00000000a7200000| PB 0x00000000a7200000| Complete |  0
|  77|0x00000000a7300000, 0x00000000a7400000, 0x00000000a7400000|100%| E|CS|TAMS 0x00000000a7300000| PB 0x00000000a7300000| Complete |  0
|  78|0x00000000a7400000, 0x00000000a7500000, 0x00000000a7500000|100%| E|CS|TAMS 0x00000000a7400000| PB 0x00000000a7400000| Complete |  0
|  79|0x00000000a7500000, 0x00000000a7600000, 0x00000000a7600000|100%| E|CS|TAMS 0x00000000a7500000| PB 0x00000000a7500000| Complete |  0
|  80|0x00000000a7600000, 0x00000000a7700000, 0x00000000a7700000|100%| E|CS|TAMS 0x00000000a7600000| PB 0x00000000a7600000| Complete |  0
|  81|0x00000000a7700000, 0x00000000a7800000, 0x00000000a7800000|100%| E|CS|TAMS 0x00000000a7700000| PB 0x00000000a7700000| Complete |  0
|  82|0x00000000a7800000, 0x00000000a7900000, 0x00000000a7900000|100%| E|CS|TAMS 0x00000000a7800000| PB 0x00000000a7800000| Complete |  0
|  83|0x00000000a7900000, 0x00000000a7a00000, 0x00000000a7a00000|100%| E|CS|TAMS 0x00000000a7900000| PB 0x00000000a7900000| Complete |  0
|  84|0x00000000a7a00000, 0x00000000a7b00000, 0x00000000a7b00000|100%| E|CS|TAMS 0x00000000a7a00000| PB 0x00000000a7a00000| Complete |  0
|  85|0x00000000a7b00000, 0x00000000a7c00000, 0x00000000a7c00000|100%| E|CS|TAMS 0x00000000a7b00000| PB 0x00000000a7b00000| Complete |  0
|  86|0x00000000a7c00000, 0x00000000a7d00000, 0x00000000a7d00000|100%| E|CS|TAMS 0x00000000a7c00000| PB 0x00000000a7c00000| Complete |  0
|  87|0x00000000a7d00000, 0x00000000a7e00000, 0x00000000a7e00000|100%| E|CS|TAMS 0x00000000a7d00000| PB 0x00000000a7d00000| Complete |  0
|  88|0x00000000a7e00000, 0x00000000a7f00000, 0x00000000a7f00000|100%| E|CS|TAMS 0x00000000a7e00000| PB 0x00000000a7e00000| Complete |  0
|  89|0x00000000a7f00000, 0x00000000a8000000, 0x00000000a8000000|100%| E|CS|TAMS 0x00000000a7f00000| PB 0x00000000a7f00000| Complete |  0
|  90|0x00000000a8000000, 0x00000000a8100000, 0x00000000a8100000|100%| E|CS|TAMS 0x00000000a8000000| PB 0x00000000a8000000| Complete |  0
|  91|0x00000000a8100000, 0x00000000a8200000, 0x00000000a8200000|100%| E|CS|TAMS 0x00000000a8100000| PB 0x00000000a8100000| Complete |  0
|  92|0x00000000a8200000, 0x00000000a8300000, 0x00000000a8300000|100%| E|CS|TAMS 0x00000000a8200000| PB 0x00000000a8200000| Complete |  0
|  93|0x00000000a8300000, 0x00000000a8400000, 0x00000000a8400000|100%| E|CS|TAMS 0x00000000a8300000| PB 0x00000000a8300000| Complete |  0
|1496|0x00000000ffe00000, 0x00000000fff00000, 0x00000000fff00000|100%| O|  |TAMS 0x00000000ffe00000| PB 0x00000000ffe00000| Untracked |  0
|1497|0x00000000fff00000, 0x00000000fff24ea8, 0x0000000100000000| 14%| O|  |TAMS 0x00000000fff00000| PB 0x00000000fff00000| Untracked |  0

Card table byte_map: [0x000001a6ffa20000,0x000001a6ffd10000] _byte_map_base: 0x000001a6ff50d000

Marking Bits: (CMBitMap*) 0x000001a6f68957f0
 Bits: [0x000001a68f000000, 0x000001a690768000)

Polling page: 0x000001a6f4450000

Metaspace:
Metaspace        used 6772K, committed 7040K, reserved 1114112K
 class space     used 549K, committed 640K, reserved 1048576K

Usage:
  Non-class:      6.08 MB used.
      Class:    549.24 KB used.
       Both:      6.61 MB used.

Virtual space:
  Non-class space:       64.00 MB reserved,       6.25 MB ( 10%) committed,  1 nodes.
      Class space:        1.00 GB reserved,     640.00 KB ( <1%) committed,  1 nodes.
             Both:        1.06 GB reserved,       6.88 MB ( <1%) committed. 

Chunk freelists:
   Non-Class:  8.99 MB
       Class:  15.20 MB
        Both:  24.19 MB

MaxMetaspaceSize: unlimited
CompressedClassSpaceSize: 1.00 GB
Initial GC threshold: 21.00 MB
Current GC threshold: 21.00 MB
CDS: on
 - commit_granule_bytes: 65536.
 - commit_granule_words: 8192.
 - virtual_space_node_default_size: 8388608.
 - enlarge_chunks_in_place: 1.
UseCompressedClassPointers 1, UseCompactObjectHeaders 0
Narrow klass pointer bits 32, Max shift 3
Narrow klass base: 0x000000003c000000, Narrow klass shift: 0
Encoding Range: [0x000000003c000000 - 0x000000013c000000), (4294967296 bytes)
Klass Range:    [0x000000003c010000 - 0x000000007d000000), (1090453504 bytes)
Klass ID Range:  [65536 - 1090519033) (1090453497)
Protection zone: [0x000000003c000000 - 0x000000003c010000), (65536 bytes)


Internal statistics:

num_allocs_failed_limit: 0.
num_arena_births: 170.
num_arena_deaths: 0.
num_vsnodes_births: 2.
num_vsnodes_deaths: 0.
num_space_committed: 110.
num_space_uncommitted: 0.
num_chunks_returned_to_freelist: 0.
num_chunks_taken_from_freelist: 251.
num_chunk_merges: 0.
num_chunk_splits: 145.
num_chunks_enlarged: 43.
num_inconsistent_stats: 0.

CodeHeap 'non-profiled nmethods': size=120064Kb used=723Kb max_used=723Kb free=119340Kb
 bounds [0x000001a687ac0000, 0x000001a687d30000, 0x000001a68f000000]
CodeHeap 'profiled nmethods': size=120000Kb used=3008Kb max_used=3008Kb free=116991Kb
 bounds [0x000001a680000000, 0x000001a680300000, 0x000001a687530000]
CodeHeap 'non-nmethods': size=5696Kb used=1387Kb max_used=1490Kb free=4309Kb
 bounds [0x000001a687530000, 0x000001a6877a0000, 0x000001a687ac0000]
CodeCache: size=245760Kb, used=5118Kb, max_used=5221Kb, free=240640Kb
 total_blobs=2589, nmethods=2076, adapters=415, full_count=0
Compilation: enabled, stopped_count=0, restarted_count=0

Compilation events (20 events):
Event: 716.884 Thread 0x000001a69317a4b0 nmethod 2067 0x000001a687b6ff88 code [0x000001a687b70080, 0x000001a687b70540]
Event: 718.937 Thread 0x000001a69317a4b0 2068       4       sun.rmi.server.UnicastRef::unmarshalValue (193 bytes)
Event: 718.965 Thread 0x000001a69317a4b0 nmethod 2068 0x000001a687b70588 code [0x000001a687b70680, 0x000001a687b70ec0]
Event: 736.808 Thread 0x000001a69317a4b0 2069       4       java.io.ObjectInputStream::readLong (8 bytes)
Event: 736.836 Thread 0x000001a69317a4b0 nmethod 2069 0x000001a687b70f08 code [0x000001a687b71000, 0x000001a687b71260]
Event: 743.940 Thread 0x000001a69317a4b0 2070  s    4       java.io.BufferedOutputStream::flush (12 bytes)
Event: 744.107 Thread 0x000001a69317a4b0 nmethod 2070 0x000001a687b71288 code [0x000001a687b71380, 0x000001a687b73620]
Event: 770.674 Thread 0x000001a69317a4b0 2071       4       java.util.HashMap::containsKey (14 bytes)
Event: 770.715 Thread 0x000001a69317a4b0 nmethod 2071 0x000001a687b73688 code [0x000001a687b73780, 0x000001a687b73c80]
Event: 782.364 Thread 0x000001a69317a4b0 2072       4       java.util.Collections$UnmodifiableCollection$1::next (10 bytes)
Event: 782.379 Thread 0x000001a69317a4b0 nmethod 2072 0x000001a687b73c88 code [0x000001a687b73d80, 0x000001a687b74190]
Event: 803.778 Thread 0x000001a69317a4b0 2073       4       java.util.TreeMap$KeySet::contains (11 bytes)
Event: 803.786 Thread 0x000001a69317a4b0 nmethod 2073 0x000001a687b74208 code [0x000001a687b74300, 0x000001a687b743f0]
Event: 803.786 Thread 0x000001a69317a4b0 2074       4       javax.management.openmbean.SimpleType::isValue (21 bytes)
Event: 803.794 Thread 0x000001a69317a4b0 nmethod 2074 0x000001a687b74508 code [0x000001a687b74600, 0x000001a687b74888]
Event: 839.024 Thread 0x000001a69317a4b0 2075       4       com.sun.jmx.remote.util.ClassLogger::traceOn (13 bytes)
Event: 839.048 Thread 0x000001a69317a4b0 nmethod 2075 0x000001a687b74908 code [0x000001a687b74a00, 0x000001a687b74b30]
Event: 876.184 Thread 0x000001a69317a4b0 2076       4       sun.rmi.transport.tcp.TCPConnection::getOutputStream (30 bytes)
Event: 876.201 Thread 0x000001a69317a4b0 nmethod 2076 0x000001a687b74c08 code [0x000001a687b74d00, 0x000001a687b74d98]
Event: 899.666 Thread 0x000001a69317a4b0 2077       4       sun.rmi.server.MarshalOutputStream::annotateClass (9 bytes)

GC Heap Usage History (0 events):
No events

Metaspace Usage History (0 events):
No events

Dll operation events (10 events):
Event: 0.062 Loaded shared library C:\Users\murem\.jdks\openjdk-25.0.1\bin\java.dll
Event: 0.189 Loaded shared library C:\Users\murem\.jdks\openjdk-25.0.1\bin\zip.dll
Event: 0.211 Loaded shared library C:\Users\murem\.jdks\openjdk-25.0.1\bin\instrument.dll
Event: 0.231 Loaded shared library C:\Users\murem\.jdks\openjdk-25.0.1\bin\net.dll
Event: 0.236 Loaded shared library C:\Users\murem\.jdks\openjdk-25.0.1\bin\nio.dll
Event: 0.246 Loaded shared library C:\Users\murem\.jdks\openjdk-25.0.1\bin\zip.dll
Event: 0.292 Loaded shared library C:\Users\murem\.jdks\openjdk-25.0.1\bin\jimage.dll
Event: 0.304 Loaded shared library C:\Users\murem\.jdks\openjdk-25.0.1\bin\extnet.dll
Event: 0.603 Loaded shared library C:\Users\murem\.jdks\openjdk-25.0.1\bin\management.dll
Event: 0.625 Loaded shared library C:\Users\murem\.jdks\openjdk-25.0.1\bin\management_ext.dll

Deoptimization events (20 events):
Event: 359.473 Thread 0x000001a693b29340 Uncommon trap: trap_request=0xffffffde fr.pc=0x000001a687b56478 relative=0x00000000000000f8
Event: 359.473 Thread 0x000001a693b29340 Uncommon trap: reason=class_check action=maybe_recompile pc=0x000001a687b56478 method=jdk.internal.misc.Unsafe.allocateUninitializedArray(Ljava/lang/Class;I)Ljava/lang/Object; @ 51 c2
Event: 359.473 Thread 0x000001a693b29340 DEOPT PACKING pc=0x000001a687b56478 sp=0x0000006b3a4ff340
Event: 359.473 Thread 0x000001a693b29340 DEOPT UNPACKING pc=0x000001a68764f582 sp=0x0000006b3a4ff2b8 mode 2
Event: 359.474 Thread 0x000001a693aa4b60 Uncommon trap: trap_request=0xffffffde fr.pc=0x000001a687b56478 relative=0x00000000000000f8
Event: 359.474 Thread 0x000001a693aa4b60 Uncommon trap: reason=class_check action=maybe_recompile pc=0x000001a687b56478 method=jdk.internal.misc.Unsafe.allocateUninitializedArray(Ljava/lang/Class;I)Ljava/lang/Object; @ 51 c2
Event: 359.474 Thread 0x000001a693aa4b60 DEOPT PACKING pc=0x000001a687b56478 sp=0x0000006b3a2fe870
Event: 359.475 Thread 0x000001a693aa4b60 DEOPT UNPACKING pc=0x000001a68764f582 sp=0x0000006b3a2fe7e8 mode 2
Event: 421.285 Thread 0x000001a699787f60 Uncommon trap: trap_request=0xffffff45 fr.pc=0x000001a687b5b028 relative=0x0000000000000328
Event: 421.285 Thread 0x000001a699787f60 Uncommon trap: reason=unstable_if action=reinterpret pc=0x000001a687b5b028 method=java.lang.ThreadLocal.get(Ljava/lang/Thread;)Ljava/lang/Object; @ 7 c2
Event: 421.285 Thread 0x000001a699787f60 DEOPT PACKING pc=0x000001a687b5b028 sp=0x0000006b38bfed10
Event: 421.285 Thread 0x000001a699787f60 DEOPT UNPACKING pc=0x000001a68764f582 sp=0x0000006b38bfeb10 mode 2
Event: 421.286 Thread 0x000001a699787f60 Uncommon trap: trap_request=0xffffff45 fr.pc=0x000001a687b3e458 relative=0x0000000000000158
Event: 421.286 Thread 0x000001a699787f60 Uncommon trap: reason=unstable_if action=reinterpret pc=0x000001a687b3e458 method=java.lang.ThreadLocal$ThreadLocalMap.getEntry(Ljava/lang/ThreadLocal;)Ljava/lang/ThreadLocal$ThreadLocalMap$Entry; @ 21 c2
Event: 421.286 Thread 0x000001a699787f60 DEOPT PACKING pc=0x000001a687b3e458 sp=0x0000006b38bfe9b0
Event: 421.286 Thread 0x000001a699787f60 DEOPT UNPACKING pc=0x000001a68764f582 sp=0x0000006b38bfe8c0 mode 2
Event: 437.714 Thread 0x000001a693aa4b60 Uncommon trap: trap_request=0xffffff45 fr.pc=0x000001a687b354e4 relative=0x00000000000001e4
Event: 437.715 Thread 0x000001a693aa4b60 Uncommon trap: reason=unstable_if action=reinterpret pc=0x000001a687b354e4 method=java.io.BufferedInputStream.read()I @ 23 c2
Event: 437.715 Thread 0x000001a693aa4b60 DEOPT PACKING pc=0x000001a687b354e4 sp=0x0000006b3a2fefa0
Event: 437.715 Thread 0x000001a693aa4b60 DEOPT UNPACKING pc=0x000001a68764f582 sp=0x0000006b3a2fef40 mode 2

Classes loaded (20 events):
Event: 1.210 Loading class java/security/AllPermissionCollection
Event: 1.210 Loading class java/security/AllPermissionCollection done
Event: 1.210 Loading class java/security/UnresolvedPermission
Event: 1.210 Loading class java/security/UnresolvedPermission done
Event: 1.211 Loading class java/lang/UnsupportedOperationException
Event: 1.211 Loading class java/lang/UnsupportedOperationException done
Event: 2.382 Loading class java/lang/NumberFormatException
Event: 2.382 Loading class java/lang/NumberFormatException done
Event: 2.397 Loading class javax/management/openmbean/CompositeDataSupport
Event: 2.397 Loading class javax/management/openmbean/CompositeDataSupport done
Event: 2.398 Loading class javax/management/openmbean/OpenDataException
Event: 2.398 Loading class javax/management/openmbean/OpenDataException done
Event: 2.399 Loading class java/lang/SecurityException
Event: 2.399 Loading class java/lang/SecurityException done
Event: 2.401 Loading class java/io/ObjectStreamException
Event: 2.401 Loading class java/io/ObjectStreamException done
Event: 54.329 Loading class jdk/internal/foreign/MemorySessionImpl
Event: 54.349 Loading class java/lang/foreign/MemorySegment$Scope
Event: 54.351 Loading class java/lang/foreign/MemorySegment$Scope done
Event: 54.351 Loading class jdk/internal/foreign/MemorySessionImpl done

Classes unloaded (0 events):
No events

Classes redefined (0 events):
No events

Internal exceptions (20 events):
Event: 1.023 Thread 0x000001a693147680 Exception <a 'java/lang/NoSuchMethodError'{0x00000000a776b138}: 'java.lang.Object java.lang.invoke.DirectMethodHandle$Holder.invokeStaticInit(java.lang.Object, java.lang.Object, int, int, int, int)'> (0x00000000a776b138) 
thrown [s\open\src\hotspot\share\interpreter\linkResolver.cpp, line 804]
Event: 1.058 Thread 0x000001a693147680 Exception <a 'java/lang/ClassNotFoundException'{0x00000000a7782020}: javax/management/remote/rmi/RMIServerImpl_Skel> (0x00000000a7782020) 
thrown [s\open\src\hotspot\share\classfile\systemDictionary.cpp, line 327]
Event: 1.079 Thread 0x000001a693147680 Exception <a 'java/lang/NoSuchMethodError'{0x00000000a7793d28}: 'long java.lang.invoke.DirectMethodHandle$Holder.invokeSpecial(java.lang.Object, java.lang.Object)'> (0x00000000a7793d28) 
thrown [s\open\src\hotspot\share\interpreter\linkResolver.cpp, line 804]
Event: 1.080 Thread 0x000001a693147680 Exception <a 'java/lang/NoSuchMethodError'{0x00000000a779bc18}: 'long java.lang.invoke.Invokers$Holder.invokeExact_MT(java.lang.Object, java.lang.Object)'> (0x00000000a779bc18) 
thrown [s\open\src\hotspot\share\interpreter\linkResolver.cpp, line 804]
Event: 1.147 Thread 0x000001a693aa4b60 Exception <a 'java/lang/NoSuchMethodError'{0x00000000a76c79c0}: static [B.<clinit>()V> (0x00000000a76c79c0) 
thrown [s\open\src\hotspot\share\prims\jni.cpp, line 1106]
Event: 1.151 Thread 0x000001a693aa4b60 Exception <a 'java/lang/NoSuchMethodError'{0x00000000a76c9320}: 'java.lang.Object java.lang.invoke.DirectMethodHandle$Holder.invokeInterface(java.lang.Object, java.lang.Object, java.lang.Object)'> (0x00000000a76c9320) 
thrown [s\open\src\hotspot\share\interpreter\linkResolver.cpp, line 804]
Event: 1.163 Thread 0x000001a693b29340 Exception <a 'java/lang/NoSuchMethodError'{0x00000000a7589f60}: 'java.lang.Object java.lang.invoke.DirectMethodHandle$Holder.invokeSpecial(java.lang.Object, java.lang.Object, java.lang.Object, java.lang.Object, long)'> (0x00000000a7589f60) 
thrown [s\open\src\hotspot\share\interpreter\linkResolver.cpp, line 804]
Event: 1.164 Thread 0x000001a693b29340 Exception <a 'java/lang/NoSuchMethodError'{0x00000000a7599f80}: 'java.lang.Object java.lang.invoke.Invokers$Holder.linkToTargetMethod(java.lang.Object, long, java.lang.Object)'> (0x00000000a7599f80) 
thrown [s\open\src\hotspot\share\interpreter\linkResolver.cpp, line 804]
Event: 1.165 Thread 0x000001a693aa4b60 Exception <a 'java/lang/ClassNotFoundException'{0x00000000a76e96d0}: javax/management/remote/rmi/RMIConnectionImpl_Skel> (0x00000000a76e96d0) 
thrown [s\open\src\hotspot\share\classfile\systemDictionary.cpp, line 327]
Event: 1.175 Thread 0x000001a693aa4b60 Exception <a 'java/lang/NoSuchMethodError'{0x00000000a7407470}: 'java.lang.Object java.lang.invoke.DirectMethodHandle$Holder.invokeInterface(java.lang.Object, java.lang.Object)'> (0x00000000a7407470) 
thrown [s\open\src\hotspot\share\interpreter\linkResolver.cpp, line 804]
Event: 1.185 Thread 0x000001a693aa4b60 Exception <a 'java/lang/NoSuchMethodError'{0x00000000a742f970}: 'int java.lang.invoke.DelegatingMethodHandle$Holder.reinvoke_L(java.lang.Object, java.lang.Object, java.lang.Object, java.lang.Object, java.lang.Object)'> (0x00000000a742f970) 
thrown [s\open\src\hotspot\share\interpreter\linkResolver.cpp, line 804]
Event: 1.196 Thread 0x000001a693aa4b60 Exception <a 'java/lang/NoSuchMethodError'{0x00000000a746ee08}: 'java.lang.Object java.lang.invoke.DirectMethodHandle$Holder.invokeStatic(java.lang.Object, java.lang.Object, java.lang.Object, java.lang.Object, java.lang.Object, java.lang.Object, java.lang.Object, java.lang.Object, java.lang.Object)'> (0x00000000a746ee08) 
thrown [s\open\src\hotspot\share\interpreter\linkResolver.cpp, line 804]
Event: 1.198 Thread 0x000001a693aa4b60 Exception <a 'java/lang/NoSuchMethodError'{0x00000000a7482560}: 'java.lang.Object java.lang.invoke.Invokers$Holder.invokeExact_MT(java.lang.Object, java.lang.Object, java.lang.Object, java.lang.Object, java.lang.Object, java.lang.Object)'> (0x00000000a7482560) 
thrown [s\open\src\hotspot\share\interpreter\linkResolver.cpp, line 804]
Event: 1.204 Thread 0x000001a693aa4b60 Exception <a 'java/lang/NoSuchMethodError'{0x00000000a748e2d8}: 'java.lang.Object java.lang.invoke.DirectMethodHandle$Holder.invokeInterface(java.lang.Object, java.lang.Object, java.lang.Object, java.lang.Object, java.lang.Object)'> (0x00000000a748e2d8) 
thrown [s\open\src\hotspot\share\interpreter\linkResolver.cpp, line 804]
Event: 1.215 Thread 0x000001a693aa4b60 Exception <a 'java/lang/NoSuchMethodError'{0x00000000a74d8e40}: 'double java.lang.invoke.DirectMethodHandle$Holder.invokeInterface(java.lang.Object, java.lang.Object)'> (0x00000000a74d8e40) 
thrown [s\open\src\hotspot\share\interpreter\linkResolver.cpp, line 804]
Event: 1.218 Thread 0x000001a693aa4b60 Exception <a 'java/lang/NoSuchMethodError'{0x00000000a74e9b40}: 'double java.lang.invoke.DelegatingMethodHandle$Holder.reinvoke_L(java.lang.Object, java.lang.Object)'> (0x00000000a74e9b40) 
thrown [s\open\src\hotspot\share\interpreter\linkResolver.cpp, line 804]
Event: 2.392 Thread 0x000001a693aa4b60 Exception <a 'java/lang/NoSuchMethodError'{0x00000000a7311a80}: 'long java.lang.invoke.DirectMethodHandle$Holder.invokeVirtual(java.lang.Object, java.lang.Object)'> (0x00000000a7311a80) 
thrown [s\open\src\hotspot\share\interpreter\linkResolver.cpp, line 804]
Event: 2.394 Thread 0x000001a693aa4b60 Exception <a 'java/lang/NoSuchMethodError'{0x00000000a7322208}: 'long java.lang.invoke.DelegatingMethodHandle$Holder.reinvoke_L(java.lang.Object, java.lang.Object)'> (0x00000000a7322208) 
thrown [s\open\src\hotspot\share\interpreter\linkResolver.cpp, line 804]
Event: 421.285 Thread 0x000001a699787f60 Implicit null exception at 0x000001a687b5ad2f to 0x000001a687b5b010
Event: 421.286 Thread 0x000001a699787f60 Implicit null exception at 0x000001a687b3e36b to 0x000001a687b3e43c

VM Operations (12 events):
Event: 0.162 Executing non-safepoint VM operation: HandshakeAllThreads (Deoptimize)
Event: 0.162 Executing non-safepoint VM operation: HandshakeAllThreads (Deoptimize) done
Event: 0.960 Executing non-safepoint VM operation: HandshakeAllThreads (Deoptimize)
Event: 0.960 Executing non-safepoint VM operation: HandshakeAllThreads (Deoptimize) done
Event: 1.055 Executing non-safepoint VM operation: HandshakeAllThreads (Deoptimize)
Event: 1.055 Executing non-safepoint VM operation: HandshakeAllThreads (Deoptimize) done
Event: 1.163 Executing non-safepoint VM operation: HandshakeAllThreads (Deoptimize)
Event: 1.163 Executing non-safepoint VM operation: HandshakeAllThreads (Deoptimize) done
Event: 60.270 Executing non-safepoint VM operation: HandshakeAllThreads (HandshakeForDeflation)
Event: 60.271 Executing non-safepoint VM operation: HandshakeAllThreads (HandshakeForDeflation) done
Event: 60.271 Executing non-safepoint VM operation: RendezvousGCThreads
Event: 60.272 Executing non-safepoint VM operation: RendezvousGCThreads done

Memory protections (0 events):
No events

Nmethod flushes (0 events):
No events

Events (20 events):
Event: 0.095 Thread 0x000001a6f684ac40 Thread added: 0x000001a6f684ac40
Event: 0.115 Thread 0x000001a6f684ac40 Thread added: 0x000001a693142720
Event: 0.115 Thread 0x000001a6f684ac40 Thread added: 0x000001a693145f00
Event: 0.115 Thread 0x000001a6f684ac40 Thread added: 0x000001a693146ac0
Event: 0.116 Thread 0x000001a6f684ac40 Thread added: 0x000001a693147680
Event: 0.116 Thread 0x000001a6f684ac40 Thread added: 0x000001a693148240
Event: 0.116 Thread 0x000001a6f684ac40 Thread added: 0x000001a693154600
Event: 0.116 Thread 0x000001a6f684ac40 Thread added: 0x000001a69317a4b0
Event: 0.117 Thread 0x000001a6f684ac40 Thread added: 0x000001a69318c7e0
Event: 0.227 Thread 0x000001a6f684ac40 Thread added: 0x000001a693333850
Event: 0.269 Thread 0x000001a6f684ac40 Thread added: 0x000001a69335cb70
Event: 0.269 Thread 0x000001a6f684ac40 Thread added: 0x000001a69335d330
Event: 0.536 Thread 0x000001a69318c7e0 Thread added: 0x000001a69318e820
Event: 0.672 Thread 0x000001a69318e820 Thread exited: 0x000001a69318e820
Event: 1.070 Thread 0x000001a693147680 Thread added: 0x000001a693a7b0a0
Event: 1.117 Thread 0x000001a693a7b0a0 Thread added: 0x000001a693aa4b60
Event: 1.146 Thread 0x000001a693aa4b60 Thread added: 0x000001a693aaa2f0
Event: 1.160 Thread 0x000001a693aa4b60 Thread added: 0x000001a693b29340
Event: 421.273 Thread 0x000001a693a7b0a0 Thread added: 0x000001a699787f60
Event: 557.771 Thread 0x000001a699787f60 Thread exited: 0x000001a699787f60


Dynamic libraries:
0x00007ff6ee660000 - 0x00007ff6ee66e000 	C:\Users\murem\.jdks\openjdk-25.0.1\bin\java.exe
0x00007ff9cc240000 - 0x00007ff9cc4a7000 	C:\WINDOWS\SYSTEM32\ntdll.dll
0x00007ff9cacf0000 - 0x00007ff9cadb9000 	C:\WINDOWS\System32\KERNEL32.DLL
0x00007ff9c9bd0000 - 0x00007ff9c9fc4000 	C:\WINDOWS\System32\KERNELBASE.dll
0x00007ff9c9690000 - 0x00007ff9c97db000 	C:\WINDOWS\System32\ucrtbase.dll
0x00007ff9c5fd0000 - 0x00007ff9c5fee000 	C:\Users\murem\.jdks\openjdk-25.0.1\bin\VCRUNTIME140.dll
0x00007ff9c4030000 - 0x00007ff9c4047000 	C:\Users\murem\.jdks\openjdk-25.0.1\bin\jli.dll
0x00007ff9cc030000 - 0x00007ff9cc1f5000 	C:\WINDOWS\System32\USER32.dll
0x00007ff9b55c0000 - 0x00007ff9b5853000 	C:\WINDOWS\WinSxS\amd64_microsoft.windows.common-controls_6595b64144ccf1df_6.0.26100.8115_none_3e075c82e3354f9c\COMCTL32.dll
0x00007ff9c9380000 - 0x00007ff9c93a7000 	C:\WINDOWS\System32\win32u.dll
0x00007ff9ca980000 - 0x00007ff9ca9ab000 	C:\WINDOWS\System32\GDI32.dll
0x00007ff9caa40000 - 0x00007ff9caae9000 	C:\WINDOWS\System32\msvcrt.dll
0x00007ff9c9a10000 - 0x00007ff9c9b3b000 	C:\WINDOWS\System32\gdi32full.dll
0x00007ff9c95e0000 - 0x00007ff9c9683000 	C:\WINDOWS\System32\msvcp_win.dll
0x00007ff9ca0b0000 - 0x00007ff9ca0e2000 	C:\WINDOWS\System32\IMM32.DLL
0x00007ff9c6cd0000 - 0x00007ff9c6cdc000 	C:\Users\murem\.jdks\openjdk-25.0.1\bin\vcruntime140_1.dll
0x00007ff9bdef0000 - 0x00007ff9bdf7d000 	C:\Users\murem\.jdks\openjdk-25.0.1\bin\msvcp140.dll
0x00007ff8e1990000 - 0x00007ff8e27ef000 	C:\Users\murem\.jdks\openjdk-25.0.1\bin\server\jvm.dll
0x00007ff9ca2d0000 - 0x00007ff9ca386000 	C:\WINDOWS\System32\ADVAPI32.dll
0x00007ff9cadc0000 - 0x00007ff9cae67000 	C:\WINDOWS\System32\sechost.dll
0x00007ff9cb840000 - 0x00007ff9cb958000 	C:\WINDOWS\System32\RPCRT4.dll
0x00007ff9ca9b0000 - 0x00007ff9caa30000 	C:\WINDOWS\System32\WS2_32.dll
0x00007ff9c8970000 - 0x00007ff9c89ce000 	C:\WINDOWS\SYSTEM32\POWRPROF.dll
0x00007ff9c2840000 - 0x00007ff9c2876000 	C:\WINDOWS\SYSTEM32\WINMM.dll
0x00007ff9c6c80000 - 0x00007ff9c6c8b000 	C:\WINDOWS\SYSTEM32\VERSION.dll
0x00007ff9c8950000 - 0x00007ff9c8964000 	C:\WINDOWS\SYSTEM32\UMPDC.dll
0x00007ff9c78a0000 - 0x00007ff9c78bb000 	C:\WINDOWS\SYSTEM32\kernel.appcore.dll
0x00007ff9c4070000 - 0x00007ff9c407a000 	C:\Users\murem\.jdks\openjdk-25.0.1\bin\jimage.dll
0x00007ff9c32b0000 - 0x00007ff9c34f2000 	C:\WINDOWS\SYSTEM32\DBGHELP.DLL
0x00007ff9ca390000 - 0x00007ff9ca712000 	C:\WINDOWS\System32\combase.dll
0x00007ff9c9fd0000 - 0x00007ff9ca0a8000 	C:\WINDOWS\System32\OLEAUT32.dll
0x00007ff9b2c50000 - 0x00007ff9b2c8b000 	C:\WINDOWS\SYSTEM32\dbgcore.DLL
0x00007ff9c9530000 - 0x00007ff9c95d5000 	C:\WINDOWS\System32\bcryptPrimitives.dll
0x00007ff9c4020000 - 0x00007ff9c4030000 	C:\Users\murem\.jdks\openjdk-25.0.1\bin\instrument.dll
0x00007ff9beb30000 - 0x00007ff9beb4f000 	C:\Users\murem\.jdks\openjdk-25.0.1\bin\java.dll
0x00007ff9cae90000 - 0x00007ff9cb027000 	C:\WINDOWS\System32\ole32.dll
0x00007ff9cb030000 - 0x00007ff9cb797000 	C:\WINDOWS\System32\SHELL32.dll
0x00007ff9c97e0000 - 0x00007ff9c994a000 	C:\WINDOWS\System32\wintypes.dll
0x00007ff9c8b10000 - 0x00007ff9c9378000 	C:\WINDOWS\System32\windows.storage.dll
0x00007ff9cb970000 - 0x00007ff9cba68000 	C:\WINDOWS\System32\SHCORE.dll
0x00007ff9cac50000 - 0x00007ff9cacb6000 	C:\WINDOWS\System32\shlwapi.dll
0x00007ff9c8a30000 - 0x00007ff9c8a59000 	C:\WINDOWS\SYSTEM32\profapi.dll
0x00007ff9bdff0000 - 0x00007ff9be007000 	C:\Users\murem\.jdks\openjdk-25.0.1\bin\zip.dll
0x00007ff9be030000 - 0x00007ff9be042000 	C:\Users\murem\.jdks\openjdk-25.0.1\bin\net.dll
0x00007ff9c7e10000 - 0x00007ff9c7e7c000 	C:\WINDOWS\system32\mswsock.dll
0x00007ff9be010000 - 0x00007ff9be026000 	C:\Users\murem\.jdks\openjdk-25.0.1\bin\nio.dll
0x00007ff9beeb0000 - 0x00007ff9beeb9000 	C:\Users\murem\.jdks\openjdk-25.0.1\bin\extnet.dll
0x00007ff9c7350000 - 0x00007ff9c7482000 	C:\WINDOWS\SYSTEM32\DNSAPI.dll
0x00007ff9c7260000 - 0x00007ff9c7292000 	C:\WINDOWS\SYSTEM32\IPHLPAPI.DLL
0x00007ff9cae70000 - 0x00007ff9cae7a000 	C:\WINDOWS\System32\NSI.dll
0x00007ff9bc870000 - 0x00007ff9bc87b000 	C:\Windows\System32\rasadhlp.dll
0x00007ff9be8b0000 - 0x00007ff9be936000 	C:\WINDOWS\System32\fwpuclnt.dll
0x00007ff9bed30000 - 0x00007ff9bed3a000 	C:\Users\murem\.jdks\openjdk-25.0.1\bin\management.dll
0x00007ff9bdfe0000 - 0x00007ff9bdfec000 	C:\Users\murem\.jdks\openjdk-25.0.1\bin\management_ext.dll
0x00007ff9cae80000 - 0x00007ff9cae88000 	C:\WINDOWS\System32\PSAPI.DLL
0x00007ff9c80f0000 - 0x00007ff9c810b000 	C:\WINDOWS\SYSTEM32\CRYPTSP.dll
0x00007ff9c7800000 - 0x00007ff9c7839000 	C:\WINDOWS\system32\rsaenh.dll
0x00007ff9c7ec0000 - 0x00007ff9c7ef3000 	C:\WINDOWS\SYSTEM32\USERENV.dll
0x00007ff9c8a00000 - 0x00007ff9c8a2a000 	C:\WINDOWS\SYSTEM32\bcrypt.dll
0x00007ff9c8110000 - 0x00007ff9c811c000 	C:\WINDOWS\SYSTEM32\CRYPTBASE.dll
0x00007ff9a6cd0000 - 0x00007ff9a6ce8000 	C:\WINDOWS\system32\napinsp.dll
0x00007ff9a6a20000 - 0x00007ff9a6a33000 	C:\WINDOWS\System32\winrnr.dll
0x00007ff9a69f0000 - 0x00007ff9a6a12000 	C:\WINDOWS\system32\nlansp_c.dll
0x00007ff9a69d0000 - 0x00007ff9a69e6000 	C:\WINDOWS\system32\wshbth.dll
0x00007ff9b59b0000 - 0x00007ff9b5a06000 	C:\WINDOWS\SYSTEM32\pdh.dll
0x00007ff9c28b0000 - 0x00007ff9c28c2000 	C:\WINDOWS\System32\perfproc.dll

JVMTI agents:
C:\Program Files\JetBrains\IntelliJ IDEA 2025.3.3\lib\idea_rt.jar path:C:\Users\murem\.jdks\openjdk-25.0.1\bin\instrument.dll, loaded, initialized, instrumentlib options:51484

dbghelp: loaded successfully - version: 4.0.5 - missing functions: none
symbol engine: initialized successfully - sym options: 0x614 - pdb path: .;C:\Users\murem\.jdks\openjdk-25.0.1\bin;C:\WINDOWS\SYSTEM32;C:\WINDOWS\WinSxS\amd64_microsoft.windows.common-controls_6595b64144ccf1df_6.0.26100.8115_none_3e075c82e3354f9c;C:\Users\murem\.jdks\openjdk-25.0.1\bin\server

VM Arguments:
jvm_args: -javaagent:C:\Program Files\JetBrains\IntelliJ IDEA 2025.3.3\lib\idea_rt.jar=51484 -Dfile.encoding=UTF-8 -Dsun.stdout.encoding=UTF-8 -Dsun.stderr.encoding=UTF-8 
java_command: ZooManagementSystem
java_class_path (initial): C:\Users\murem\IdeaProjects\Zoo-management-System\out\production\Zoo-management-System
Launcher Type: SUN_STANDARD

[Global flags]
     intx CICompilerCount                          = 4                                         {product} {ergonomic}
     uint ConcGCThreads                            = 3                                         {product} {ergonomic}
     uint G1ConcRefinementThreads                  = 10                                        {product} {ergonomic}
   size_t G1HeapRegionSize                         = 1048576                                   {product} {ergonomic}
   size_t InitialHeapSize                          = 98566144                                  {product} {ergonomic}
   size_t MarkStackSize                            = 4194304                                   {product} {ergonomic}
   size_t MarkStackSizeMax                         = 536870912                                 {product} {ergonomic}
   size_t MaxHeapSize                              = 1570766848                                {product} {ergonomic}
   size_t MaxNewSize                               = 941621248                                 {product} {ergonomic}
   size_t MinHeapDeltaBytes                        = 1048576                                   {product} {ergonomic}
   size_t MinHeapSize                              = 8388608                                   {product} {ergonomic}
    uintx NonNMethodCodeHeapSize                   = 5832704                                {pd product} {ergonomic}
    uintx NonProfiledCodeHeapSize                  = 122945536                              {pd product} {ergonomic}
    uintx ProfiledCodeHeapSize                     = 122880000                              {pd product} {ergonomic}
    uintx ReservedCodeCacheSize                    = 251658240                              {pd product} {ergonomic}
     bool SegmentedCodeCache                       = true                                      {product} {ergonomic}
   size_t SoftMaxHeapSize                          = 1570766848                             {manageable} {ergonomic}
     bool UseCompressedOops                        = true                           {product lp64_product} {ergonomic}
     bool UseG1GC                                  = true                                      {product} {ergonomic}
     bool UseLargePagesIndividualAllocation        = false                                  {pd product} {ergonomic}

Logging:
Log output configuration:
 #0: stdout all=warning uptime,level,tags foldmultilines=false
 #1: stderr all=off uptime,level,tags foldmultilines=false

Release file:
IMPLEMENTOR="Oracle Corporation" 
JAVA_RUNTIME_VERSION="25.0.1+8-27" 
JAVA_VERSION="25.0.1" 
JAVA_VERSION_DATE="2025-10-21" 
LIBC="default" 
MODULES="java.base java.compiler java.datatransfer java.xml java.prefs java.desktop java.instrument java.logging java.management java.security.sasl java.naming java.rmi java.management.rmi java.net.http java.scripting java.security.jgss java.transaction.xa java.sql java.sql.rowset java.xml.crypto java.se java.smartcardio jdk.accessibility jdk.internal.jvmstat jdk.attach jdk.charsets jdk.internal.opt jdk.zipfs jdk.compiler jdk.crypto.cryptoki jdk.crypto.ec jdk.crypto.mscapi jdk.dynalink jdk.internal.ed jdk.editpad jdk.internal.vm.ci jdk.graal.compiler jdk.graal.compiler.management jdk.hotspot.agent jdk.httpserver jdk.incubator.vector jdk.internal.le jdk.internal.md jdk.jartool jdk.javadoc jdk.jcmd jdk.management jdk.management.agent jdk.jconsole jdk.jdeps jdk.jdwp.agent jdk.jdi jdk.jfr jdk.jlink jdk.jpackage jdk.jshell jdk.jsobject jdk.jstatd jdk.localedata jdk.management.jfr jdk.naming.dns jdk.naming.rmi jdk.net jdk.nio.mapmode jdk.sctp jdk.security.auth jdk.security.jgss jdk.unsupported jdk.unsupported.desktop jdk.xml.dom" 
OS_ARCH="x86_64" 
OS_NAME="Windows" 
SOURCE=".:git:78770bfaefd2" 

Environment Variables:
PATH=C:\Program Files\Eclipse Adoptium\jdk-17.0.18.8-hotspot\bin;C:\Program Files\Common Files\Oracle\Java\javapath;C:\Program Files\MySQL\MySQL Server 9.3\bin;C:\WINDOWS;C:\WINDOWS\System32\Wbem;C:\WINDOWS\System32\WindowsPowerShell\v1.0\;C:\WINDOWS\System32\OpenSSH\;C:\Program Files (x86)\Microsoft SQL Server\160\Tools\Binn\;C:\Program Files\Microsoft SQL Server\160\Tools\Binn\;C:\Program Files\Microsoft SQL Server\Client SDK\ODBC\170\Tools\Binn\;C:\Program Files\Microsoft SQL Server\160\DTS\Binn\;C:\Program Files (x86)\Microsoft SQL Server\160\DTS\Binn\;C:\Program Files (x86)\Bitvise SSH Client;C:\WINDOWS\system32;C:\Program Files\Git\cmd;C:\Program Files\nodejs\;C:\Users\murem\AppData\Local\Microsoft\WindowsApps;C:\Users\murem\AppData\Local\GitHubDesktop\bin;C:\Users\murem\AppData\Local\Programs\Microsoft VS Code\bin;C:\Users\murem\AppData\Roaming\npm
USERNAME=murem
OS=Windows_NT
PROCESSOR_IDENTIFIER=AMD64 Family 25 Model 80 Stepping 0, AuthenticAMD
TMP=C:\Users\murem\AppData\Local\Temp
TEMP=C:\Users\murem\AppData\Local\Temp




Compilation memory statistics disabled.

Periodic native trim disabled

---------------  S Y S T E M  ---------------

OS:
 Windows 11 , 64 bit Build 26100 (10.0.26100.8246)
OS uptime: 4 days 19:34 hours
Hyper-V role detected

CPU: total 12 (initial active 12) (12 cores per cpu, 2 threads per core) family 25 model 80 stepping 0 microcode 0xa500014, cx8, cmov, fxsr, ht, mmx, 3dnowpref, sse, sse2, sse3, ssse3, sse4a, sse4.1, sse4.2, popcnt, lzcnt, tsc, tscinvbit, avx, avx2, aes, erms, clmul, bmi1, bmi2, adx, sha, fma, vzeroupper, clflush, clflushopt, clwb, hv, rdtscp, rdpid, fsrm, f16c, cet_ss
Processor Information for the first 12 processors :
  Max Mhz: 2301, Current Mhz: 2010, Mhz Limit: 2301

Memory: 4k page, system-wide physical 5989M (503M free)
TotalPageFile size 24421M (AvailPageFile size 0M)
current process WorkingSet (physical memory assigned to process): 22M, peak: 80M
current process commit charge ("private bytes"): 200M, peak: 231M

vm_info: OpenJDK 64-Bit Server VM (25.0.1+8-27) for windows-amd64 JRE (25.0.1+8-27), built on 2025-09-25T16:41:16Z with unknown MS VC++:1943

END.
